In file included from [01m[K/home/llw/git/ros2-study/chapt4_ws/build/pkg_interfaces/rosidl_generator_c/pkg_interfaces/srv/detail/face_detector__functions.h:19[m[K,
                 from [01m[K/home/llw/git/ros2-study/chapt4_ws/build/pkg_interfaces/rosidl_generator_c/pkg_interfaces/srv/detail/face_detector__functions.c:4[m[K:
[01m[K/home/llw/git/ros2-study/chapt4_ws/build/pkg_interfaces/rosidl_generator_c/pkg_interfaces/srv/detail/face_detector__struct.h:23:10:[m[K [01;31m[Kfatal error: [m[Ksensor_msgs/msg/detail/image__struct.h: No such file or directory
   23 | #include [01;31m[K"sensor_msgs/msg/detail/image__struct.h"[m[K
      |          [01;31m[K^~~~~~~~~~~~~~~~~~~~~~~~~~~~~~~~~~~~~~~~[m[K
compilation terminated.
gmake[2]: *** [CMakeFiles/pkg_interfaces__rosidl_generator_c.dir/build.make:107: CMakeFiles/pkg_interfaces__rosidl_generator_c.dir/rosidl_generator_c/pkg_interfaces/srv/detail/face_detector__functions.c.o] Error 1
gmake[1]: *** [CMakeFiles/Makefile2:213: CMakeFiles/pkg_interfaces__rosidl_generator_c.dir/all] Error 2
gmake[1]: *** Waiting for unfinished jobs....
In file included from [01m[K/home/llw/git/ros2-study/chapt4_ws/build/pkg_interfaces/rosidl_typesupport_cpp/pkg_interfaces/srv/face_detector__type_support.cpp:7[m[K:
[01m[K/home/llw/git/ros2-study/chapt4_ws/build/pkg_interfaces/rosidl_generator_cpp/pkg_interfaces/srv/detail/face_detector__struct.hpp:20:10:[m[K [01;31m[Kfatal error: [m[Ksensor_msgs/msg/detail/image__struct.hpp: No such file or directory
   20 | #include [01;31m[K"sensor_msgs/msg/detail/image__struct.hpp"[m[K
      |          [01;31m[K^~~~~~~~~~~~~~~~~~~~~~~~~~~~~~~~~~~~~~~~~~[m[K
compilation terminated.
gmake[2]: *** [CMakeFiles/pkg_interfaces__rosidl_typesupport_cpp.dir/build.make:88: CMakeFiles/pkg_interfaces__rosidl_typesupport_cpp.dir/rosidl_typesupport_cpp/pkg_interfaces/srv/face_detector__type_support.cpp.o] Error 1
gmake[1]: *** [CMakeFiles/Makefile2:395: CMakeFiles/pkg_interfaces__rosidl_typesupport_cpp.dir/all] Error 2
In file included from [01m[K/home/llw/git/ros2-study/chapt4_ws/build/pkg_interfaces/rosidl_typesupport_introspection_cpp/pkg_interfaces/srv/detail/face_detector__type_support.cpp:12[m[K:
[01m[K/home/llw/git/ros2-study/chapt4_ws/build/pkg_interfaces/rosidl_generator_cpp/pkg_interfaces/srv/detail/face_detector__struct.hpp:20:10:[m[K [01;31m[Kfatal error: [m[Ksensor_msgs/msg/detail/image__struct.hpp: No such file or directory
   20 | #include [01;31m[K"sensor_msgs/msg/detail/image__struct.hpp"[m[K
      |          [01;31m[K^~~~~~~~~~~~~~~~~~~~~~~~~~~~~~~~~~~~~~~~~~[m[K
compilation terminated.
gmake[2]: *** [CMakeFiles/pkg_interfaces__rosidl_typesupport_introspection_cpp.dir/build.make:93: CMakeFiles/pkg_interfaces__rosidl_typesupport_introspection_cpp.dir/rosidl_typesupport_introspection_cpp/pkg_interfaces/srv/detail/face_detector__type_support.cpp.o] Error 1
gmake[1]: *** [CMakeFiles/Makefile2:369: CMakeFiles/pkg_interfaces__rosidl_typesupport_introspection_cpp.dir/all] Error 2
In file included from [01m[K/home/llw/git/ros2-study/chapt4_ws/build/pkg_interfaces/rosidl_typesupport_fastrtps_cpp/pkg_interfaces/srv/detail/face_detector__rosidl_typesupport_fastrtps_cpp.hpp:11[m[K,
                 from [01m[K/home/llw/git/ros2-study/chapt4_ws/build/pkg_interfaces/rosidl_typesupport_fastrtps_cpp/pkg_interfaces/srv/detail/dds_fastrtps/face_detector__type_support.cpp:4[m[K:
[01m[K/home/llw/git/ros2-study/chapt4_ws/build/pkg_interfaces/rosidl_generator_cpp/pkg_interfaces/srv/detail/face_detector__struct.hpp:20:10:[m[K [01;31m[Kfatal error: [m[Ksensor_msgs/msg/detail/image__struct.hpp: No such file or directory
   20 | #include [01;31m[K"sensor_msgs/msg/detail/image__struct.hpp"[m[K
      |          [01;31m[K^~~~~~~~~~~~~~~~~~~~~~~~~~~~~~~~~~~~~~~~~~[m[K
compilation terminated.
gmake[2]: *** [CMakeFiles/pkg_interfaces__rosidl_typesupport_fastrtps_cpp.dir/build.make:93: CMakeFiles/pkg_interfaces__rosidl_typesupport_fastrtps_cpp.dir/rosidl_typesupport_fastrtps_cpp/pkg_interfaces/srv/detail/dds_fastrtps/face_detector__type_support.cpp.o] Error 1
gmake[1]: *** [CMakeFiles/Makefile2:291: CMakeFiles/pkg_interfaces__rosidl_typesupport_fastrtps_cpp.dir/all] Error 2
gmake: *** [Makefile:146: all] Error 2
