[0.013s] Invoking command in '/home/llw/git/ros2-study/chapt4_ws/build/pkg_interfaces': CMAKE_PREFIX_PATH=${CMAKE_PREFIX_PATH}:/opt/ros/humble /usr/bin/cmake /home/llw/git/ros2-study/chapt4_ws/src/pkg_interfaces -DAMENT_CMAKE_SYMLINK_INSTALL=1 -DCMAKE_INSTALL_PREFIX=/home/llw/git/ros2-study/chapt4_ws/install/pkg_interfaces
[0.075s] -- The C compiler identification is GNU 11.4.0
[0.142s] -- The CXX compiler identification is GNU 11.4.0
[0.150s] -- Detecting C compiler ABI info
[0.229s] -- Detecting C compiler ABI info - done
[0.237s] -- Check for working C compiler: /usr/bin/cc - skipped
[0.237s] -- Detecting C compile features
[0.238s] -- Detecting C compile features - done
[0.241s] -- Detecting CXX compiler ABI info
[0.335s] -- Detecting CXX compiler ABI info - done
[0.345s] -- Check for working CXX compiler: /usr/bin/c++ - skipped
[0.345s] -- Detecting CXX compile features
[0.346s] -- Detecting CXX compile features - done
[0.349s] -- Found ament_cmake: 1.3.10 (/opt/ros/humble/share/ament_cmake/cmake)
[0.521s] -- Found Python3: /usr/bin/python3 (found version "3.10.12") found components: Interpreter 
[0.588s] -- Override CMake install command with custom implementation using symlinks instead of copying resources
[0.622s] -- Found sensor_msgs: 4.2.4 (/opt/ros/humble/share/sensor_msgs/cmake)
[0.660s] -- Found rosidl_generator_c: 3.1.5 (/opt/ros/humble/share/rosidl_generator_c/cmake)
[0.667s] -- Found rosidl_adapter: 3.1.5 (/opt/ros/humble/share/rosidl_adapter/cmake)
[0.676s] -- Found rosidl_generator_cpp: 3.1.5 (/opt/ros/humble/share/rosidl_generator_cpp/cmake)
[0.691s] -- Using all available rosidl_typesupport_c: rosidl_typesupport_fastrtps_c;rosidl_typesupport_introspection_c
[0.710s] -- Using all available rosidl_typesupport_cpp: rosidl_typesupport_fastrtps_cpp;rosidl_typesupport_introspection_cpp
[0.779s] -- Found rosidl_default_generators: 1.2.0 (/opt/ros/humble/share/rosidl_default_generators/cmake)
[1.071s] -- Found ament_cmake_ros: 0.10.0 (/opt/ros/humble/share/ament_cmake_ros/cmake)
[1.413s] -- Using all available rosidl_typesupport_c: rosidl_typesupport_fastrtps_c;rosidl_typesupport_introspection_c
[1.545s] -- Using all available rosidl_typesupport_cpp: rosidl_typesupport_fastrtps_cpp;rosidl_typesupport_introspection_cpp
[1.570s] -- Found PythonInterp: /usr/bin/python3 (found suitable version "3.10.12", minimum required is "3.6") 
[1.572s] -- Found python_cmake_module: 0.10.0 (/opt/ros/humble/share/python_cmake_module/cmake)
[1.599s] -- Found PythonLibs: /usr/lib/x86_64-linux-gnu/libpython3.10.so (found suitable version "3.10.12", minimum required is "3.5") 
[1.599s] -- Using PYTHON_EXECUTABLE: /usr/bin/python3
[1.599s] -- Using PYTHON_INCLUDE_DIRS: /usr/include/python3.10
[1.599s] -- Using PYTHON_LIBRARIES: /usr/lib/x86_64-linux-gnu/libpython3.10.so
[1.626s] -- Found PythonExtra: .so  
[1.669s] -- Found ament_lint_auto: 0.12.11 (/opt/ros/humble/share/ament_lint_auto/cmake)
[1.693s] -- Added test 'lint_cmake' to check CMake code style
[1.694s] -- Added test 'xmllint' to check XML markup files
[1.698s] -- Configuring done
[1.733s] -- Generating done
[1.745s] -- Build files have been written to: /home/llw/git/ros2-study/chapt4_ws/build/pkg_interfaces
[1.757s] Invoked command in '/home/llw/git/ros2-study/chapt4_ws/build/pkg_interfaces' returned '0': CMAKE_PREFIX_PATH=${CMAKE_PREFIX_PATH}:/opt/ros/humble /usr/bin/cmake /home/llw/git/ros2-study/chapt4_ws/src/pkg_interfaces -DAMENT_CMAKE_SYMLINK_INSTALL=1 -DCMAKE_INSTALL_PREFIX=/home/llw/git/ros2-study/chapt4_ws/install/pkg_interfaces
[1.759s] Invoking command in '/home/llw/git/ros2-study/chapt4_ws/build/pkg_interfaces': CMAKE_PREFIX_PATH=${CMAKE_PREFIX_PATH}:/opt/ros/humble /usr/bin/cmake --build /home/llw/git/ros2-study/chapt4_ws/build/pkg_interfaces -- -j16 -l16
[1.802s] [  3%] [34m[1mGenerating C code for ROS interfaces[0m
[1.815s] [  6%] [34m[1mGenerating C++ code for ROS interfaces[0m
[1.822s] [  6%] Built target ament_cmake_python_symlink_pkg_interfaces
[2.065s] running egg_info
[2.066s] creating pkg_interfaces.egg-info
[2.066s] writing pkg_interfaces.egg-info/PKG-INFO
[2.066s] writing dependency_links to pkg_interfaces.egg-info/dependency_links.txt
[2.066s] writing top-level names to pkg_interfaces.egg-info/top_level.txt
[2.067s] writing manifest file 'pkg_interfaces.egg-info/SOURCES.txt'
[2.069s] reading manifest file 'pkg_interfaces.egg-info/SOURCES.txt'
[2.069s] writing manifest file 'pkg_interfaces.egg-info/SOURCES.txt'
[2.104s] [  6%] Built target ament_cmake_python_build_pkg_interfaces_egg
[2.139s] [  9%] [32mBuilding C object CMakeFiles/pkg_interfaces__rosidl_generator_c.dir/rosidl_generator_c/pkg_interfaces/srv/detail/face_detector__functions.c.o[0m
[2.154s] [  9%] Built target pkg_interfaces__cpp
[2.158s] In file included from [01m[K/home/llw/git/ros2-study/chapt4_ws/build/pkg_interfaces/rosidl_generator_c/pkg_interfaces/srv/detail/face_detector__functions.h:19[m[K,
[2.158s]                  from [01m[K/home/llw/git/ros2-study/chapt4_ws/build/pkg_interfaces/rosidl_generator_c/pkg_interfaces/srv/detail/face_detector__functions.c:4[m[K:
[2.159s] [01m[K/home/llw/git/ros2-study/chapt4_ws/build/pkg_interfaces/rosidl_generator_c/pkg_interfaces/srv/detail/face_detector__struct.h:23:10:[m[K [01;31m[Kfatal error: [m[Ksensor_msgs/msg/detail/image__struct.h: No such file or directory
[2.159s]    23 | #include [01;31m[K"sensor_msgs/msg/detail/image__struct.h"[m[K
[2.159s]       |          [01;31m[K^~~~~~~~~~~~~~~~~~~~~~~~~~~~~~~~~~~~~~~~[m[K
[2.159s] compilation terminated.
[2.159s] gmake[2]: *** [CMakeFiles/pkg_interfaces__rosidl_generator_c.dir/build.make:107: CMakeFiles/pkg_interfaces__rosidl_generator_c.dir/rosidl_generator_c/pkg_interfaces/srv/detail/face_detector__functions.c.o] Error 1
[2.160s] gmake[1]: *** [CMakeFiles/Makefile2:213: CMakeFiles/pkg_interfaces__rosidl_generator_c.dir/all] Error 2
[2.160s] gmake[1]: *** Waiting for unfinished jobs....
[2.166s] [ 12%] [34m[1mGenerating C++ type support for eProsima Fast-RTPS[0m
[2.167s] [ 16%] [34m[1mGenerating C++ introspection for ROS interfaces[0m
[2.171s] [ 19%] [34m[1mGenerating C++ type support dispatch for ROS interfaces[0m
[2.439s] [ 22%] [32mBuilding CXX object CMakeFiles/pkg_interfaces__rosidl_typesupport_cpp.dir/rosidl_typesupport_cpp/pkg_interfaces/srv/face_detector__type_support.cpp.o[0m
[2.470s] [ 25%] [32mBuilding CXX object CMakeFiles/pkg_interfaces__rosidl_typesupport_introspection_cpp.dir/rosidl_typesupport_introspection_cpp/pkg_interfaces/srv/detail/face_detector__type_support.cpp.o[0m
[2.486s] [ 29%] [32mBuilding CXX object CMakeFiles/pkg_interfaces__rosidl_typesupport_fastrtps_cpp.dir/rosidl_typesupport_fastrtps_cpp/pkg_interfaces/srv/detail/dds_fastrtps/face_detector__type_support.cpp.o[0m
[2.512s] In file included from [01m[K/home/llw/git/ros2-study/chapt4_ws/build/pkg_interfaces/rosidl_typesupport_cpp/pkg_interfaces/srv/face_detector__type_support.cpp:7[m[K:
[2.513s] [01m[K/home/llw/git/ros2-study/chapt4_ws/build/pkg_interfaces/rosidl_generator_cpp/pkg_interfaces/srv/detail/face_detector__struct.hpp:20:10:[m[K [01;31m[Kfatal error: [m[Ksensor_msgs/msg/detail/image__struct.hpp: No such file or directory
[2.513s]    20 | #include [01;31m[K"sensor_msgs/msg/detail/image__struct.hpp"[m[K
[2.513s]       |          [01;31m[K^~~~~~~~~~~~~~~~~~~~~~~~~~~~~~~~~~~~~~~~~~[m[K
[2.513s] compilation terminated.
[2.514s] gmake[2]: *** [CMakeFiles/pkg_interfaces__rosidl_typesupport_cpp.dir/build.make:88: CMakeFiles/pkg_interfaces__rosidl_typesupport_cpp.dir/rosidl_typesupport_cpp/pkg_interfaces/srv/face_detector__type_support.cpp.o] Error 1
[2.514s] gmake[1]: *** [CMakeFiles/Makefile2:395: CMakeFiles/pkg_interfaces__rosidl_typesupport_cpp.dir/all] Error 2
[2.549s] In file included from [01m[K/home/llw/git/ros2-study/chapt4_ws/build/pkg_interfaces/rosidl_typesupport_introspection_cpp/pkg_interfaces/srv/detail/face_detector__type_support.cpp:12[m[K:
[2.549s] [01m[K/home/llw/git/ros2-study/chapt4_ws/build/pkg_interfaces/rosidl_generator_cpp/pkg_interfaces/srv/detail/face_detector__struct.hpp:20:10:[m[K [01;31m[Kfatal error: [m[Ksensor_msgs/msg/detail/image__struct.hpp: No such file or directory
[2.549s]    20 | #include [01;31m[K"sensor_msgs/msg/detail/image__struct.hpp"[m[K
[2.549s]       |          [01;31m[K^~~~~~~~~~~~~~~~~~~~~~~~~~~~~~~~~~~~~~~~~~[m[K
[2.549s] compilation terminated.
[2.550s] gmake[2]: *** [CMakeFiles/pkg_interfaces__rosidl_typesupport_introspection_cpp.dir/build.make:93: CMakeFiles/pkg_interfaces__rosidl_typesupport_introspection_cpp.dir/rosidl_typesupport_introspection_cpp/pkg_interfaces/srv/detail/face_detector__type_support.cpp.o] Error 1
[2.550s] gmake[1]: *** [CMakeFiles/Makefile2:369: CMakeFiles/pkg_interfaces__rosidl_typesupport_introspection_cpp.dir/all] Error 2
[2.556s] In file included from [01m[K/home/llw/git/ros2-study/chapt4_ws/build/pkg_interfaces/rosidl_typesupport_fastrtps_cpp/pkg_interfaces/srv/detail/face_detector__rosidl_typesupport_fastrtps_cpp.hpp:11[m[K,
[2.556s]                  from [01m[K/home/llw/git/ros2-study/chapt4_ws/build/pkg_interfaces/rosidl_typesupport_fastrtps_cpp/pkg_interfaces/srv/detail/dds_fastrtps/face_detector__type_support.cpp:4[m[K:
[2.556s] [01m[K/home/llw/git/ros2-study/chapt4_ws/build/pkg_interfaces/rosidl_generator_cpp/pkg_interfaces/srv/detail/face_detector__struct.hpp:20:10:[m[K [01;31m[Kfatal error: [m[Ksensor_msgs/msg/detail/image__struct.hpp: No such file or directory
[2.556s]    20 | #include [01;31m[K"sensor_msgs/msg/detail/image__struct.hpp"[m[K
[2.556s]       |          [01;31m[K^~~~~~~~~~~~~~~~~~~~~~~~~~~~~~~~~~~~~~~~~~[m[K
[2.556s] compilation terminated.
[2.558s] gmake[2]: *** [CMakeFiles/pkg_interfaces__rosidl_typesupport_fastrtps_cpp.dir/build.make:93: CMakeFiles/pkg_interfaces__rosidl_typesupport_fastrtps_cpp.dir/rosidl_typesupport_fastrtps_cpp/pkg_interfaces/srv/detail/dds_fastrtps/face_detector__type_support.cpp.o] Error 1
[2.558s] gmake[1]: *** [CMakeFiles/Makefile2:291: CMakeFiles/pkg_interfaces__rosidl_typesupport_fastrtps_cpp.dir/all] Error 2
[2.558s] gmake: *** [Makefile:146: all] Error 2
[2.561s] Invoked command in '/home/llw/git/ros2-study/chapt4_ws/build/pkg_interfaces' returned '2': CMAKE_PREFIX_PATH=${CMAKE_PREFIX_PATH}:/opt/ros/humble /usr/bin/cmake --build /home/llw/git/ros2-study/chapt4_ws/build/pkg_interfaces -- -j16 -l16
